<?xml version="1.0" encoding="UTF-8"?>
<!-- Generated by org.testng.reporters.JUnitReportReporter -->
<testsuite hostname="MS" failures="0" tests="1" name="testCases.TC_001_AccountRegistrationPage" time="7.094" errors="0" timestamp="2024-06-29T22:01:39 IST" skipped="0">
  <testcase classname="testCases.TC_001_AccountRegistrationPage" name="accountRegistration" time="7.094"/>
</testsuite> <!-- testCases.TC_001_AccountRegistrationPage -->
