<?xml version="1.0" encoding="UTF-8"?>
<!-- Generated by org.testng.reporters.JUnitReportReporter -->
<testsuite hostname="MS" failures="0" tests="1" name="testCases.TC_001_HomePage" time="21.766" errors="0" timestamp="2024-06-30T17:02:00 IST" skipped="0">
  <testcase classname="testCases.TC_001_HomePage" name="accountRegistration" time="21.766"/>
</testsuite> <!-- testCases.TC_001_HomePage -->
