<?xml version="1.0" encoding="UTF-8"?>
<!-- Generated by org.testng.reporters.JUnitReportReporter -->
<testsuite hostname="MS" failures="0" tests="1" name="testCases.TC_005_FileUploadUsingAutoIT" time="36.143" errors="0" timestamp="2024-07-03T22:39:14 IST" skipped="0">
  <testcase classname="testCases.TC_005_FileUploadUsingAutoIT" name="verifyFileUploadUsingAUTOIT" time="36.143"/>
  <system-out/>
</testsuite> <!-- testCases.TC_005_FileUploadUsingAutoIT -->
