<?xml version="1.0" encoding="UTF-8"?>
<!-- Generated by org.testng.reporters.JUnitReportReporter -->
<testsuite hostname="MS" failures="0" tests="1" name="testCases.TC_003_LoginDDT" time="19.385" errors="0" timestamp="2024-06-30T18:46:55 IST" skipped="0">
  <testcase classname="testCases.TC_003_LoginDDT" name="verifyLogin" time="19.385"/>
</testsuite> <!-- testCases.TC_003_LoginDDT -->
