<?xml version="1.0" encoding="UTF-8"?>
<!-- Generated by org.testng.reporters.JUnitReportReporter -->
<testsuite hostname="MS" failures="0" tests="1" name="testCases.TC_003_LoginValidation" time="19.688" errors="0" timestamp="2024-06-30T19:38:07 IST" skipped="0">
  <testcase classname="testCases.TC_003_LoginValidation" name="verifyLogin" time="19.688"/>
</testsuite> <!-- testCases.TC_003_LoginValidation -->
