<?xml version="1.0" encoding="UTF-8"?>
<!-- Generated by org.testng.reporters.JUnitReportReporter -->
<testsuite hostname="MS" failures="0" tests="1" name="testCases.TC_005_FileUploadUsingAutoIT" time="73.700" errors="0" timestamp="2024-07-02T07:52:39 IST" skipped="0">
  <testcase classname="testCases.TC_005_FileUploadUsingAutoIT" name="verifyFileUploadUsingAUTOIT" time="73.700"/>
</testsuite> <!-- testCases.TC_005_FileUploadUsingAutoIT -->
